<?xml version="1.0" ?>
<!DOCTYPE coverage SYSTEM 'http://cobertura.sourceforge.net/xml/coverage-04.dtd'>
<coverage line-rate="1.000" lines-covered="1" lines-valid="1" branch-rate="1.0" branches-covered="1.0" branches-rate="1.0" complexity="1.0" version="1.9" timestamp="1580896539">
	<sources>
		<source>/mnt/c/Users/koichi/workspace/kcov-codeclimate/test.sh/</source>
	</sources>
	<packages>
		<package name="test_sh" line-rate="1.000" lines-covered="1" lines-valid="1" branch-rate="1.0" complexity="1.0">
			<classes>
				<class name="test_sh" filename="/mnt/c/Users/koichi/workspace/kcov-codeclimate/test.sh" branch-rate="1.0" complexity="1.0" line-rate="1.000">
					<lines>
						<line number="3" hits="2"/>
					</lines>
				</class>
			</classes>
		</package>
	</packages>
</coverage>
